<?xml version="1.0" encoding="UTF-8"?>
<!-- Generated by org.testng.reporters.JUnitXMLReporter -->
<testsuite ignored="0" hostname="DESKTOP-315BBS2" failures="0" tests="1" name="ChromeTest" time="1.4" errors="0" timestamp="2025-03-16T17:26:44 IST">
  <testcase classname="Base.ProjectSpecificationMethods" name="@BeforeClass testDetails" time="0.003">
    <failure type="java.lang.IllegalArgumentException" message="Test name must not be null or empty">
      <![CDATA[java.lang.IllegalArgumentException: Test name must not be null or empty
at com.aventstack.extentreports.util.Assert.notEmpty(Assert.java:12)
at com.aventstack.extentreports.ExtentTest.<init>(ExtentTest.java:97)
at com.aventstack.extentreports.ExtentTest.<init>(ExtentTest.java:118)
at com.aventstack.extentreports.ExtentReports.createTest(ExtentReports.java:231)
at Base.ProjectSpecificationMethods.testDetails(ProjectSpecificationMethods.java:36)
at java.base/java.util.ArrayList.forEach(ArrayList.java:1596)
at java.base/java.util.concurrent.FutureTask.run(FutureTask.java:317)
at java.base/java.util.concurrent.ThreadPoolExecutor.runWorker(ThreadPoolExecutor.java:1144)
at java.base/java.util.concurrent.ThreadPoolExecutor$Worker.run(ThreadPoolExecutor.java:642)
at java.base/java.lang.Thread.run(Thread.java:1583)
... Removed 13 stack frames]]>
    </failure>
  </testcase> <!-- @BeforeClass testDetails -->
  <testcase classname="Base.ProjectSpecificationMethods" name="@BeforeMethod LaunchingAndLoading" time="0.0">
    <skipped/>
  </testcase> <!-- @BeforeMethod LaunchingAndLoading -->
  <testcase classname="Base.ProjectSpecificationMethods" name="@AfterMethod closebrowser" time="0.0">
    <skipped/>
  </testcase> <!-- @AfterMethod closebrowser -->
  <testcase classname="test.ReegisterTest" name="RegisterTest" time="0.0">
    <skipped/>
  </testcase> <!-- RegisterTest -->
</testsuite> <!-- ChromeTest -->
